[debug] [2021-01-24T12:21:27.223Z] ----------------------------------------------------------------------
[debug] [2021-01-24T12:21:27.230Z] Command:       C:\Program Files\nodejs\node.exe C:\Users\Mukesh\AppData\Roaming\npm\node_modules\firebase-tools\lib\bin\firebase.js deploy
[debug] [2021-01-24T12:21:27.231Z] CLI Version:   9.2.0
[debug] [2021-01-24T12:21:27.232Z] Platform:      win32
[debug] [2021-01-24T12:21:27.232Z] Node Version:  v14.15.4
[debug] [2021-01-24T12:21:27.234Z] Time:          Sun Jan 24 2021 17:51:27 GMT+0530 (India Standard Time)
[debug] [2021-01-24T12:21:27.234Z] ----------------------------------------------------------------------
[debug] [2021-01-24T12:21:27.235Z] 
[debug] [2021-01-24T12:21:27.243Z] >>> [apiv2][query] GET https://firebase-public.firebaseio.com/cli.json [none]
[debug] [2021-01-24T12:21:27.330Z] > command requires scopes: ["email","openid","https://www.googleapis.com/auth/cloudplatformprojects.readonly","https://www.googleapis.com/auth/firebase","https://www.googleapis.com/auth/cloud-platform"]
[debug] [2021-01-24T12:21:27.333Z] > authorizing via signed-in user
[debug] [2021-01-24T12:21:27.333Z] [iam] checking project bookstore-41945 for permissions ["datastore.indexes.create","datastore.indexes.delete","datastore.indexes.list","datastore.indexes.update","firebase.projects.get","firebasedatabase.instances.update","firebasehosting.sites.update","firebaserules.releases.create","firebaserules.releases.update","firebaserules.rulesets.create"]
[debug] [2021-01-24T12:21:27.341Z] > refreshing access token with scopes: ["email","https://www.googleapis.com/auth/cloud-platform","https://www.googleapis.com/auth/cloudplatformprojects.readonly","https://www.googleapis.com/auth/firebase","openid"]
[debug] [2021-01-24T12:21:27.342Z] >>> HTTP REQUEST POST https://www.googleapis.com/oauth2/v3/token  
 <request body omitted>
[debug] [2021-01-24T12:21:27.879Z] <<< HTTP RESPONSE 200 {"date":"Sun, 24 Jan 2021 12:21:27 GMT","cache-control":"no-cache, no-store, max-age=0, must-revalidate","pragma":"no-cache","expires":"Mon, 01 Jan 1990 00:00:00 GMT","content-type":"application/json; charset=utf-8","vary":"X-Origin, Referer, Origin,Accept-Encoding","server":"scaffolding on HTTPServer2","x-xss-protection":"0","x-frame-options":"SAMEORIGIN","x-content-type-options":"nosniff","alt-svc":"h3-29=\":443\"; ma=2592000,h3-T051=\":443\"; ma=2592000,h3-Q050=\":443\"; ma=2592000,h3-Q046=\":443\"; ma=2592000,h3-Q043=\":443\"; ma=2592000,quic=\":443\"; ma=2592000; v=\"46,43\"","accept-ranges":"none","transfer-encoding":"chunked"}
[debug] [2021-01-24T12:21:27.897Z] >>> HTTP REQUEST POST https://cloudresourcemanager.googleapis.com/v1/projects/bookstore-41945:testIamPermissions  
 {"permissions":["datastore.indexes.create","datastore.indexes.delete","datastore.indexes.list","datastore.indexes.update","firebase.projects.get","firebasedatabase.instances.update","firebasehosting.sites.update","firebaserules.releases.create","firebaserules.releases.update","firebaserules.rulesets.create"]}
[debug] [2021-01-24T12:21:28.612Z] <<< [apiv2][status] GET https://firebase-public.firebaseio.com/cli.json 200
[debug] [2021-01-24T12:21:28.613Z] <<< [apiv2][body] GET https://firebase-public.firebaseio.com/cli.json {"cloudBuildErrorAfter":1594252800000,"cloudBuildWarnAfter":1590019200000,"defaultNode10After":1594252800000,"minVersion":"3.0.5","node8DeploysDisabledAfter":1613390400000,"node8RuntimeDisabledAfter":1615809600000,"node8WarnAfter":1600128000000}
[debug] [2021-01-24T12:21:29.827Z] <<< HTTP RESPONSE 200 {"content-type":"application/json; charset=UTF-8","vary":"X-Origin, Referer, Origin,Accept-Encoding","date":"Sun, 24 Jan 2021 12:21:29 GMT","server":"ESF","cache-control":"private","x-xss-protection":"0","x-frame-options":"SAMEORIGIN","x-content-type-options":"nosniff","server-timing":"gfet4t7; dur=1419","alt-svc":"h3-29=\":443\"; ma=2592000,h3-T051=\":443\"; ma=2592000,h3-Q050=\":443\"; ma=2592000,h3-Q046=\":443\"; ma=2592000,h3-Q043=\":443\"; ma=2592000,quic=\":443\"; ma=2592000; v=\"46,43\"","accept-ranges":"none","transfer-encoding":"chunked"}
[debug] [2021-01-24T12:21:29.833Z] > refreshing access token with scopes: []
[debug] [2021-01-24T12:21:29.834Z] >>> HTTP REQUEST POST https://www.googleapis.com/oauth2/v3/token  
 <request body omitted>
[debug] [2021-01-24T12:21:30.243Z] <<< HTTP RESPONSE 200 {"expires":"Mon, 01 Jan 1990 00:00:00 GMT","pragma":"no-cache","date":"Sun, 24 Jan 2021 12:21:29 GMT","cache-control":"no-cache, no-store, max-age=0, must-revalidate","content-type":"application/json; charset=utf-8","vary":"X-Origin, Referer, Origin,Accept-Encoding","server":"scaffolding on HTTPServer2","x-xss-protection":"0","x-frame-options":"SAMEORIGIN","x-content-type-options":"nosniff","alt-svc":"h3-29=\":443\"; ma=2592000,h3-T051=\":443\"; ma=2592000,h3-Q050=\":443\"; ma=2592000,h3-Q046=\":443\"; ma=2592000,h3-Q043=\":443\"; ma=2592000,quic=\":443\"; ma=2592000; v=\"46,43\"","accept-ranges":"none","transfer-encoding":"chunked"}
[debug] [2021-01-24T12:21:30.262Z] >>> [apiv2][query] GET https://firebase.googleapis.com/v1beta1/projects/bookstore-41945 [none]
[debug] [2021-01-24T12:21:30.922Z] <<< [apiv2][status] GET https://firebase.googleapis.com/v1beta1/projects/bookstore-41945 200
[debug] [2021-01-24T12:21:30.922Z] <<< [apiv2][body] GET https://firebase.googleapis.com/v1beta1/projects/bookstore-41945 {"projectId":"bookstore-41945","projectNumber":"1035350868757","displayName":"bookstore","name":"projects/bookstore-41945","resources":{"hostingSite":"bookstore-41945","realtimeDatabaseInstance":"bookstore-41945","storageBucket":"bookstore-41945.appspot.com","locationId":"us-central"},"state":"ACTIVE"}
[debug] [2021-01-24T12:21:30.923Z] >>> [apiv2][query] GET https://firebase.googleapis.com/v1beta1/projects/bookstore-41945 [none]
[debug] [2021-01-24T12:21:31.502Z] <<< [apiv2][status] GET https://firebase.googleapis.com/v1beta1/projects/bookstore-41945 200
[debug] [2021-01-24T12:21:31.503Z] <<< [apiv2][body] GET https://firebase.googleapis.com/v1beta1/projects/bookstore-41945 {"projectId":"bookstore-41945","projectNumber":"1035350868757","displayName":"bookstore","name":"projects/bookstore-41945","resources":{"hostingSite":"bookstore-41945","realtimeDatabaseInstance":"bookstore-41945","storageBucket":"bookstore-41945.appspot.com","locationId":"us-central"},"state":"ACTIVE"}
[info] 
[info] === Deploying to 'bookstore-41945'...
[info] 
[info] i  deploying database, storage, firestore, hosting 
[info] i  database: checking rules syntax... 
[debug] [2021-01-24T12:21:31.525Z] > refreshing access token with scopes: ["email","https://www.googleapis.com/auth/cloud-platform","https://www.googleapis.com/auth/cloudplatformprojects.readonly","https://www.googleapis.com/auth/firebase","openid"]
[debug] [2021-01-24T12:21:31.527Z] >>> HTTP REQUEST POST https://www.googleapis.com/oauth2/v3/token  
 <request body omitted>
[debug] [2021-01-24T12:21:31.960Z] <<< HTTP RESPONSE 200 {"pragma":"no-cache","expires":"Mon, 01 Jan 1990 00:00:00 GMT","date":"Sun, 24 Jan 2021 12:21:31 GMT","cache-control":"no-cache, no-store, max-age=0, must-revalidate","content-type":"application/json; charset=utf-8","vary":"X-Origin, Referer, Origin,Accept-Encoding","server":"scaffolding on HTTPServer2","x-xss-protection":"0","x-frame-options":"SAMEORIGIN","x-content-type-options":"nosniff","alt-svc":"h3-29=\":443\"; ma=2592000,h3-T051=\":443\"; ma=2592000,h3-Q050=\":443\"; ma=2592000,h3-Q046=\":443\"; ma=2592000,h3-Q043=\":443\"; ma=2592000,quic=\":443\"; ma=2592000; v=\"46,43\"","accept-ranges":"none","transfer-encoding":"chunked"}
[debug] [2021-01-24T12:21:31.973Z] >>> HTTP REQUEST GET https://firebasedatabase.googleapis.com/v1beta/projects/bookstore-41945/locations/-/instances/bookstore-41945  
 
[debug] [2021-01-24T12:21:33.013Z] <<< HTTP RESPONSE 200 {"content-type":"application/json; charset=UTF-8","vary":"X-Origin, Referer, Origin,Accept-Encoding","date":"Sun, 24 Jan 2021 12:21:32 GMT","server":"ESF","cache-control":"private","x-xss-protection":"0","x-frame-options":"SAMEORIGIN","x-content-type-options":"nosniff","alt-svc":"h3-29=\":443\"; ma=2592000,h3-T051=\":443\"; ma=2592000,h3-Q050=\":443\"; ma=2592000,h3-Q046=\":443\"; ma=2592000,h3-Q043=\":443\"; ma=2592000,quic=\":443\"; ma=2592000; v=\"46,43\"","accept-ranges":"none","transfer-encoding":"chunked"}
[debug] [2021-01-24T12:21:33.022Z] >>> HTTP REQUEST PUT https://bookstore-41945.firebaseio.com/.settings/rules.json?dryRun=true  
 {
  "rules": {
    ".read": false,
    ".write": false
  }
}

[debug] [2021-01-24T12:21:34.517Z] <<< HTTP RESPONSE 200 {"server":"nginx","date":"Sun, 24 Jan 2021 12:21:34 GMT","content-type":"application/json; charset=utf-8","content-length":"15","connection":"keep-alive","access-control-allow-origin":"*","cache-control":"no-cache","strict-transport-security":"max-age=31556926; includeSubDomains; preload"}
[info] +  database: rules syntax for database bookstore-41945 is valid 
[debug] [2021-01-24T12:21:34.523Z] >>> HTTP REQUEST GET https://appengine.googleapis.com/v1/apps/bookstore-41945  
 
[debug] [2021-01-24T12:21:35.915Z] <<< HTTP RESPONSE 200 {"content-type":"application/json; charset=UTF-8","vary":"X-Origin, Referer, Origin,Accept-Encoding","date":"Sun, 24 Jan 2021 12:21:35 GMT","server":"ESF","cache-control":"private","x-xss-protection":"0","x-frame-options":"SAMEORIGIN","x-content-type-options":"nosniff","alt-svc":"h3-29=\":443\"; ma=2592000,h3-T051=\":443\"; ma=2592000,h3-Q050=\":443\"; ma=2592000,h3-Q046=\":443\"; ma=2592000,h3-Q043=\":443\"; ma=2592000,quic=\":443\"; ma=2592000; v=\"46,43\"","accept-ranges":"none","transfer-encoding":"chunked"}
[info] i  firebase.storage: checking storage.rules for compilation errors... 
[debug] [2021-01-24T12:21:35.930Z] >>> HTTP REQUEST POST https://firebaserules.googleapis.com/v1/projects/bookstore-41945:test  
 {"source":{"files":[{"name":"storage.rules","content":"rules_version = '2';\nservice firebase.storage {\n  match /b/{bucket}/o {\n    match /{allPaths=**} {\n      allow read, write: if request.auth!=null;\n    }\n  }\n}\n"}]}}
[debug] [2021-01-24T12:21:37.644Z] <<< HTTP RESPONSE 200 {"content-type":"application/json; charset=UTF-8","vary":"X-Origin, Referer, Origin,Accept-Encoding","date":"Sun, 24 Jan 2021 12:21:37 GMT","server":"ESF","cache-control":"private","x-xss-protection":"0","x-frame-options":"SAMEORIGIN","x-content-type-options":"nosniff","alt-svc":"h3-29=\":443\"; ma=2592000,h3-T051=\":443\"; ma=2592000,h3-Q050=\":443\"; ma=2592000,h3-Q046=\":443\"; ma=2592000,h3-Q043=\":443\"; ma=2592000,quic=\":443\"; ma=2592000; v=\"46,43\"","accept-ranges":"none","transfer-encoding":"chunked"}
[info] +  firebase.storage: rules file storage.rules compiled successfully 
[info] i  firestore: reading indexes from firestore.indexes.json... 
[info] i  cloud.firestore: checking firestore.rules for compilation errors... 
[debug] [2021-01-24T12:21:37.655Z] >>> HTTP REQUEST POST https://firebaserules.googleapis.com/v1/projects/bookstore-41945:test  
 {"source":{"files":[{"name":"firestore.rules","content":"rules_version = '2';\nservice cloud.firestore {\n  match /databases/{database}/documents {\n    match /{document=**} {\n      allow read, write: if\n          request.time < timestamp.date(2025, 11, 25);\n    }\n  }\n}"}]}}
[debug] [2021-01-24T12:21:39.443Z] <<< HTTP RESPONSE 200 {"content-type":"application/json; charset=UTF-8","vary":"X-Origin, Referer, Origin,Accept-Encoding","date":"Sun, 24 Jan 2021 12:21:38 GMT","server":"ESF","cache-control":"private","x-xss-protection":"0","x-frame-options":"SAMEORIGIN","x-content-type-options":"nosniff","alt-svc":"h3-29=\":443\"; ma=2592000,h3-T051=\":443\"; ma=2592000,h3-Q050=\":443\"; ma=2592000,h3-Q046=\":443\"; ma=2592000,h3-Q043=\":443\"; ma=2592000,quic=\":443\"; ma=2592000; v=\"46,43\"","accept-ranges":"none","transfer-encoding":"chunked"}
[info] +  cloud.firestore: rules file firestore.rules compiled successfully 
[debug] [2021-01-24T12:21:39.472Z] >>> HTTP REQUEST POST https://firebasehosting.googleapis.com/v1beta1/sites/bookstore-41945/versions  
 {"config":{},"labels":{"deployment-tool":"cli-firebase"}}
[debug] [2021-01-24T12:21:41.877Z] <<< HTTP RESPONSE 200 {"content-type":"application/json; charset=UTF-8","vary":"X-Origin, Referer, Origin,Accept-Encoding","date":"Sun, 24 Jan 2021 12:21:41 GMT","server":"ESF","cache-control":"private","x-xss-protection":"0","x-frame-options":"SAMEORIGIN","x-content-type-options":"nosniff","alt-svc":"h3-29=\":443\"; ma=2592000,h3-T051=\":443\"; ma=2592000,h3-Q050=\":443\"; ma=2592000,h3-Q046=\":443\"; ma=2592000,h3-Q043=\":443\"; ma=2592000,quic=\":443\"; ma=2592000; v=\"46,43\"","accept-ranges":"none","transfer-encoding":"chunked"}
[debug] [2021-01-24T12:21:41.883Z] >>> HTTP REQUEST GET https://firebaserules.googleapis.com/v1/projects/bookstore-41945/releases?pageSize=10&pageToken=  
 
[debug] [2021-01-24T12:21:43.579Z] <<< HTTP RESPONSE 200 {"content-type":"application/json; charset=UTF-8","vary":"X-Origin, Referer, Origin,Accept-Encoding","date":"Sun, 24 Jan 2021 12:21:43 GMT","server":"ESF","cache-control":"private","x-xss-protection":"0","x-frame-options":"SAMEORIGIN","x-content-type-options":"nosniff","alt-svc":"h3-29=\":443\"; ma=2592000,h3-T051=\":443\"; ma=2592000,h3-Q050=\":443\"; ma=2592000,h3-Q046=\":443\"; ma=2592000,h3-Q043=\":443\"; ma=2592000,quic=\":443\"; ma=2592000; v=\"46,43\"","accept-ranges":"none","transfer-encoding":"chunked"}
[debug] [2021-01-24T12:21:43.585Z] >>> HTTP REQUEST GET https://firebaserules.googleapis.com/v1/projects/bookstore-41945/rulesets/d7b1bf48-3aba-4184-a14a-539ea72ac403  
 
[debug] [2021-01-24T12:21:45.099Z] <<< HTTP RESPONSE 200 {"content-type":"application/json; charset=UTF-8","vary":"X-Origin, Referer, Origin,Accept-Encoding","date":"Sun, 24 Jan 2021 12:21:44 GMT","server":"ESF","cache-control":"private","x-xss-protection":"0","x-frame-options":"SAMEORIGIN","x-content-type-options":"nosniff","alt-svc":"h3-29=\":443\"; ma=2592000,h3-T051=\":443\"; ma=2592000,h3-Q050=\":443\"; ma=2592000,h3-Q046=\":443\"; ma=2592000,h3-Q043=\":443\"; ma=2592000,quic=\":443\"; ma=2592000; v=\"46,43\"","accept-ranges":"none","transfer-encoding":"chunked"}
[info] i  storage: latest version of storage.rules already up to date, skipping upload... 
[debug] [2021-01-24T12:21:45.110Z] >>> HTTP REQUEST GET https://firebaserules.googleapis.com/v1/projects/bookstore-41945/releases?pageSize=10&pageToken=  
 
[debug] [2021-01-24T12:21:45.111Z] >>> HTTP REQUEST GET https://firestore.googleapis.com/v1/projects/bookstore-41945/databases/(default)/collectionGroups/-/indexes  
 
[debug] [2021-01-24T12:21:46.644Z] <<< HTTP RESPONSE 200 {"content-type":"application/json; charset=UTF-8","vary":"X-Origin, Referer, Origin,Accept-Encoding","date":"Sun, 24 Jan 2021 12:21:46 GMT","server":"ESF","cache-control":"private","x-xss-protection":"0","x-frame-options":"SAMEORIGIN","x-content-type-options":"nosniff","alt-svc":"h3-29=\":443\"; ma=2592000,h3-T051=\":443\"; ma=2592000,h3-Q050=\":443\"; ma=2592000,h3-Q046=\":443\"; ma=2592000,h3-Q043=\":443\"; ma=2592000,quic=\":443\"; ma=2592000; v=\"46,43\"","accept-ranges":"none","transfer-encoding":"chunked"}
[debug] [2021-01-24T12:21:46.646Z] >>> HTTP REQUEST GET https://firebaserules.googleapis.com/v1/projects/bookstore-41945/rulesets/a15c986f-28b1-4a00-ae91-5c1c513a994c  
 
[debug] [2021-01-24T12:21:47.387Z] <<< HTTP RESPONSE 200 {"content-type":"application/json; charset=UTF-8","vary":"X-Origin, Referer, Origin,Accept-Encoding","date":"Sun, 24 Jan 2021 12:21:47 GMT","server":"ESF","cache-control":"private","x-xss-protection":"0","x-frame-options":"SAMEORIGIN","x-content-type-options":"nosniff","alt-svc":"h3-29=\":443\"; ma=2592000,h3-T051=\":443\"; ma=2592000,h3-Q050=\":443\"; ma=2592000,h3-Q046=\":443\"; ma=2592000,h3-Q043=\":443\"; ma=2592000,quic=\":443\"; ma=2592000; v=\"46,43\"","accept-ranges":"none","transfer-encoding":"chunked"}
[debug] [2021-01-24T12:21:47.390Z] >>> HTTP REQUEST GET https://firestore.googleapis.com/v1/projects/bookstore-41945/databases/(default)/collectionGroups/-/fields?filter=indexConfig.usesAncestorConfig=false  
 
[debug] [2021-01-24T12:21:48.256Z] <<< HTTP RESPONSE 200 {"content-type":"application/json; charset=UTF-8","vary":"X-Origin, Referer, Origin,Accept-Encoding","date":"Sun, 24 Jan 2021 12:21:47 GMT","server":"ESF","cache-control":"private","x-xss-protection":"0","x-frame-options":"SAMEORIGIN","x-content-type-options":"nosniff","alt-svc":"h3-29=\":443\"; ma=2592000,h3-T051=\":443\"; ma=2592000,h3-Q050=\":443\"; ma=2592000,h3-Q046=\":443\"; ma=2592000,h3-Q043=\":443\"; ma=2592000,quic=\":443\"; ma=2592000; v=\"46,43\"","accept-ranges":"none","transfer-encoding":"chunked"}
[info] i  firestore: latest version of firestore.rules already up to date, skipping upload... 
[debug] [2021-01-24T12:21:49.343Z] <<< HTTP RESPONSE 200 {"content-type":"application/json; charset=UTF-8","vary":"X-Origin, Referer, Origin,Accept-Encoding","date":"Sun, 24 Jan 2021 12:21:48 GMT","server":"ESF","cache-control":"private","x-xss-protection":"0","x-frame-options":"SAMEORIGIN","x-content-type-options":"nosniff","alt-svc":"h3-29=\":443\"; ma=2592000,h3-T051=\":443\"; ma=2592000,h3-Q050=\":443\"; ma=2592000,h3-Q046=\":443\"; ma=2592000,h3-Q043=\":443\"; ma=2592000,quic=\":443\"; ma=2592000; v=\"46,43\"","accept-ranges":"none","transfer-encoding":"chunked"}
[info] +  firestore: deployed indexes in firestore.indexes.json successfully 
[info] i  hosting[bookstore-41945]: beginning deploy... 
[info] i  hosting[bookstore-41945]: found 22 files in dist/bookstore 
[debug] [2021-01-24T12:21:49.568Z] > refreshing access token with scopes: []
[debug] [2021-01-24T12:21:49.568Z] >>> HTTP REQUEST POST https://www.googleapis.com/oauth2/v3/token  
 <request body omitted>
[debug] [2021-01-24T12:21:49.587Z] [hosting] hash cache [ZGlzdFxib29rc3RvcmU] stored for 22 files
[debug] [2021-01-24T12:21:49.589Z] [hosting][hash queue][FINAL] {"max":8,"min":1,"avg":1,"active":0,"complete":22,"success":22,"errored":0,"retried":0,"total":22,"elapsed":32}
[debug] [2021-01-24T12:21:50.059Z] <<< HTTP RESPONSE 200 {"date":"Sun, 24 Jan 2021 12:21:49 GMT","cache-control":"no-cache, no-store, max-age=0, must-revalidate","expires":"Mon, 01 Jan 1990 00:00:00 GMT","pragma":"no-cache","content-type":"application/json; charset=utf-8","vary":"X-Origin, Referer, Origin,Accept-Encoding","server":"scaffolding on HTTPServer2","x-xss-protection":"0","x-frame-options":"SAMEORIGIN","x-content-type-options":"nosniff","alt-svc":"h3-29=\":443\"; ma=2592000,h3-T051=\":443\"; ma=2592000,h3-Q050=\":443\"; ma=2592000,h3-Q046=\":443\"; ma=2592000,h3-Q043=\":443\"; ma=2592000,quic=\":443\"; ma=2592000; v=\"46,43\"","accept-ranges":"none","transfer-encoding":"chunked"}
[debug] [2021-01-24T12:21:50.072Z] >>> [apiv2][query] POST https://firebasehosting.googleapis.com/v1beta1/sites/bookstore-41945/versions/07e2797c6b24f3ca:populateFiles [none]
[debug] [2021-01-24T12:21:50.073Z] >>> [apiv2][body] POST https://firebasehosting.googleapis.com/v1beta1/sites/bookstore-41945/versions/07e2797c6b24f3ca:populateFiles {"files":{"/3rdpartylicenses.txt":"b14d3e3034be32b8e54090b13825dfd0dd1458fca2050c81461fd0fed9659e55","/4.f04e674879e67b54ec6f.js":"eb5b9033f73b7470f1c046f97f1a39bd1aa734fb4c22466e4a95c237d819efb7","/favicon.ico":"2c19690e9587bae12f419b34d2edeecc76808099540a9c9f4ea6194116cfc8f7","/index.html":"5ee8a72a8f965fc123c95755d633105425a46586dd4632eebbb0ffcf7b45aab2","/main.6af5df80f030ecaec778.js":"a2ddb45f8d82d61ead7c75ffd8a9b5ea7cf2232493b17893270aa10a45075648","/manifest.webmanifest":"d785f1196853b70238a305c8c88b64c5a05be2f6ab714ecef6a0c2763a3d626f","/polyfills.a4021de53358bb0fec14.js":"1c12ac3270c53eeb19167db0469c1a91f0328883e277be2ef0ef59ff4ce3f4e7","/runtime.eba82fb84d3671e2ad91.js":"660a4c93d7aba9811b0c77ec9a2a910ac889be3658c545c9d17ed73dff98103a","/scripts.3cf90f8fc92130239739.js":"b5fd31692c7ee5e921b880f873e9be9072c878df5c0e65ce712edd3607ed8634","/styles.ce7aa567fa3ea56ccad9.css":"2b8a0c13cb207fcdd0aed2c0a618a8ac639c9361f69ad18b1a3497e94925a432","/assets/404.svg":"4257c4aad5d49b19f40d02257b5d9099d9d92b8709a381baf54eb1a78a2e926a","/assets/book.jpg":"c811879a7f3158cb7acce06e4771a782719b24473d4d75508b6fdbb229543990","/assets/download.png":"edd2f4b1022464e25ed18c1b5cf027acd34a9c72e87620b42e48ca695a894ac9","/assets/it.jpg":"8ce7d7f1c71783f38af7e6af76ff2b3eb508c1efaba64ffd5c36a0174226afd8","/assets/icons/icon-128x128.png":"1331bbcee85eb4c732d2b2468c0118ead141aa56c741dc1a93a54d4812e79d4d","/assets/icons/icon-144x144.png":"ab4052ca6640d9378a090b7a6825df604c939ec738dae88d89500aee8eb7087f","/assets/icons/icon-152x152.png":"b1cb2eb328c9eedac5eb3994d04c73040c462a73cf7254c38eafa2d582a078d6","/assets/icons/icon-192x192.png":"5b2471e9386f4fe3dcf1d2151c7048c3cc22d3c504161debeca3af3a2efd0a04","/assets/icons/icon-384x384.png":"e28ae36bf6b6f9c9a5eb8716806f3077d2932c9723f89d0c0275fbde43dcdce9","/assets/icons/icon-512x512.png":"cb62ee904d0aa462c04667e945abbefe928c1c874d9a919ec237f3ebc1822dc9","/assets/icons/icon-72x72.png":"215a8d62891dff36be3e0a554c28e627bbd34dea95aca21b718414452b581dce","/assets/icons/icon-96x96.png":"5dbec692238f9b1305461df3fe87c910306d95db26941804b8929cd0d99bd508"}}
[debug] [2021-01-24T12:21:52.222Z] <<< [apiv2][status] POST https://firebasehosting.googleapis.com/v1beta1/sites/bookstore-41945/versions/07e2797c6b24f3ca:populateFiles 200
[debug] [2021-01-24T12:21:52.223Z] <<< [apiv2][body] POST https://firebasehosting.googleapis.com/v1beta1/sites/bookstore-41945/versions/07e2797c6b24f3ca:populateFiles {"uploadUrl":"https://upload-firebasehosting.googleapis.com/upload/sites/bookstore-41945/versions/07e2797c6b24f3ca/files"}
[debug] [2021-01-24T12:21:52.224Z] [hosting][populate queue][FINAL] {"max":2656,"min":2656,"avg":2656,"active":0,"complete":1,"success":1,"errored":0,"retried":0,"total":1,"elapsed":2657}
[debug] [2021-01-24T12:21:52.224Z] [hosting] uploads queued: 0
[debug] [2021-01-24T12:21:52.225Z] [hosting][upload queue][FINAL] {"max":0,"min":9999999999,"avg":0,"active":0,"complete":0,"success":0,"errored":0,"retried":0,"total":0,"elapsed":1611490912225}
[info] +  hosting[bookstore-41945]: file upload complete 
[debug] [2021-01-24T12:21:52.227Z] [hosting] deploy completed after 2833ms
[info] i  database: releasing rules... 
[debug] [2021-01-24T12:21:52.621Z] > refreshing access token with scopes: ["email","https://www.googleapis.com/auth/cloud-platform","https://www.googleapis.com/auth/cloudplatformprojects.readonly","https://www.googleapis.com/auth/firebase","openid"]
[debug] [2021-01-24T12:21:52.622Z] >>> HTTP REQUEST POST https://www.googleapis.com/oauth2/v3/token  
 <request body omitted>
[debug] [2021-01-24T12:21:52.935Z] <<< HTTP RESPONSE 200 {"cache-control":"no-cache, no-store, max-age=0, must-revalidate","expires":"Mon, 01 Jan 1990 00:00:00 GMT","pragma":"no-cache","date":"Sun, 24 Jan 2021 12:21:52 GMT","content-type":"application/json; charset=utf-8","vary":"X-Origin, Referer, Origin,Accept-Encoding","server":"scaffolding on HTTPServer2","x-xss-protection":"0","x-frame-options":"SAMEORIGIN","x-content-type-options":"nosniff","alt-svc":"h3-29=\":443\"; ma=2592000,h3-T051=\":443\"; ma=2592000,h3-Q050=\":443\"; ma=2592000,h3-Q046=\":443\"; ma=2592000,h3-Q043=\":443\"; ma=2592000,quic=\":443\"; ma=2592000; v=\"46,43\"","accept-ranges":"none","transfer-encoding":"chunked"}
[debug] [2021-01-24T12:21:52.948Z] >>> HTTP REQUEST GET https://firebasedatabase.googleapis.com/v1beta/projects/bookstore-41945/locations/-/instances/bookstore-41945  
 
[debug] [2021-01-24T12:21:53.637Z] <<< HTTP RESPONSE 200 {"content-type":"application/json; charset=UTF-8","vary":"X-Origin, Referer, Origin,Accept-Encoding","date":"Sun, 24 Jan 2021 12:21:53 GMT","server":"ESF","cache-control":"private","x-xss-protection":"0","x-frame-options":"SAMEORIGIN","x-content-type-options":"nosniff","alt-svc":"h3-29=\":443\"; ma=2592000,h3-T051=\":443\"; ma=2592000,h3-Q050=\":443\"; ma=2592000,h3-Q046=\":443\"; ma=2592000,h3-Q043=\":443\"; ma=2592000,quic=\":443\"; ma=2592000; v=\"46,43\"","accept-ranges":"none","transfer-encoding":"chunked"}
[debug] [2021-01-24T12:21:53.640Z] >>> HTTP REQUEST PUT https://bookstore-41945.firebaseio.com/.settings/rules.json  
 {
  "rules": {
    ".read": false,
    ".write": false
  }
}

[debug] [2021-01-24T12:21:54.758Z] <<< HTTP RESPONSE 200 {"server":"nginx","date":"Sun, 24 Jan 2021 12:21:54 GMT","content-type":"application/json; charset=utf-8","content-length":"15","connection":"keep-alive","access-control-allow-origin":"*","cache-control":"no-cache","strict-transport-security":"max-age=31556926; includeSubDomains; preload"}
[info] +  database: rules for database bookstore-41945 released successfully 
[debug] [2021-01-24T12:21:54.762Z] [rules] releasing firebase.storage/bookstore-41945.appspot.com with ruleset projects/bookstore-41945/rulesets/d7b1bf48-3aba-4184-a14a-539ea72ac403
[debug] [2021-01-24T12:21:54.763Z] >>> HTTP REQUEST PATCH https://firebaserules.googleapis.com/v1/projects/bookstore-41945/releases/firebase.storage/bookstore-41945.appspot.com  
 {"release":{"name":"projects/bookstore-41945/releases/firebase.storage/bookstore-41945.appspot.com","rulesetName":"projects/bookstore-41945/rulesets/d7b1bf48-3aba-4184-a14a-539ea72ac403"}}
